This file contains any messages produced by compilers while
running configure, to aid debugging if configure makes a mistake.

It was created by [Pool Allocation] configure [1.0], which was
generated by GNU Autoconf 2.69.  Invocation command line was

  $ ./configure 

## --------- ##
## Platform. ##
## --------- ##

hostname = ip-172-31-39-132
uname -m = x86_64
uname -r = 3.13.0-74-generic
uname -s = Linux
uname -v = #118-Ubuntu SMP Thu Dec 17 22:52:10 UTC 2015

/usr/bin/uname -p = unknown
/bin/uname -X     = unknown

/bin/arch              = unknown
/usr/bin/arch -k       = unknown
/usr/convex/getsysinfo = unknown
/usr/bin/hostinfo      = unknown
/bin/machine           = unknown
/usr/bin/oslevel       = unknown
/bin/universe          = unknown

PATH: /usr/local/sbin
PATH: /usr/local/bin
PATH: /usr/sbin
PATH: /usr/bin
PATH: /sbin
PATH: /bin


## ----------- ##
## Core tests. ##
## ----------- ##

configure:2248: checking for gcc
configure:2264: found /usr/bin/gcc
configure:2275: result: gcc
configure:2504: checking for C compiler version
configure:2513: gcc --version >&5
gcc (Ubuntu 4.8.4-2ubuntu1~14.04.3) 4.8.4
Copyright (C) 2013 Free Software Foundation, Inc.
This is free software; see the source for copying conditions.  There is NO
warranty; not even for MERCHANTABILITY or FITNESS FOR A PARTICULAR PURPOSE.

configure:2524: $? = 0
configure:2513: gcc -v >&5
Using built-in specs.
COLLECT_GCC=gcc
COLLECT_LTO_WRAPPER=/usr/lib/gcc/x86_64-linux-gnu/4.8/lto-wrapper
Target: x86_64-linux-gnu
Configured with: ../src/configure -v --with-pkgversion='Ubuntu 4.8.4-2ubuntu1~14.04.3' --with-bugurl=file:///usr/share/doc/gcc-4.8/README.Bugs --enable-languages=c,c++,java,go,d,fortran,objc,obj-c++ --prefix=/usr --program-suffix=-4.8 --enable-shared --enable-linker-build-id --libexecdir=/usr/lib --without-included-gettext --enable-threads=posix --with-gxx-include-dir=/usr/include/c++/4.8 --libdir=/usr/lib --enable-nls --with-sysroot=/ --enable-clocale=gnu --enable-libstdcxx-debug --enable-libstdcxx-time=yes --enable-gnu-unique-object --disable-libmudflap --enable-plugin --with-system-zlib --disable-browser-plugin --enable-java-awt=gtk --enable-gtk-cairo --with-java-home=/usr/lib/jvm/java-1.5.0-gcj-4.8-amd64/jre --enable-java-home --with-jvm-root-dir=/usr/lib/jvm/java-1.5.0-gcj-4.8-amd64 --with-jvm-jar-dir=/usr/lib/jvm-exports/java-1.5.0-gcj-4.8-amd64 --with-arch-directory=amd64 --with-ecj-jar=/usr/share/java/eclipse-ecj.jar --enable-objc-gc --enable-multiarch --disable-werror --with-arch-32=i686 --with-abi=m64 --with-multilib-list=m32,m64,mx32 --with-tune=generic --enable-checking=release --build=x86_64-linux-gnu --host=x86_64-linux-gnu --target=x86_64-linux-gnu
Thread model: posix
gcc version 4.8.4 (Ubuntu 4.8.4-2ubuntu1~14.04.3) 
configure:2524: $? = 0
configure:2513: gcc -V >&5
gcc: error: unrecognized command line option '-V'
gcc: fatal error: no input files
compilation terminated.
configure:2524: $? = 4
configure:2513: gcc -qversion >&5
gcc: error: unrecognized command line option '-qversion'
gcc: fatal error: no input files
compilation terminated.
configure:2524: $? = 4
configure:2544: checking whether the C compiler works
configure:2566: gcc    conftest.c  >&5
configure:2570: $? = 0
configure:2618: result: yes
configure:2621: checking for C compiler default output file name
configure:2623: result: a.out
configure:2629: checking for suffix of executables
configure:2636: gcc -o conftest    conftest.c  >&5
configure:2640: $? = 0
configure:2662: result: 
configure:2684: checking whether we are cross compiling
configure:2692: gcc -o conftest    conftest.c  >&5
configure:2696: $? = 0
configure:2703: ./conftest
configure:2707: $? = 0
configure:2722: result: no
configure:2727: checking for suffix of object files
configure:2749: gcc -c   conftest.c >&5
configure:2753: $? = 0
configure:2774: result: o
configure:2778: checking whether we are using the GNU C compiler
configure:2797: gcc -c   conftest.c >&5
configure:2797: $? = 0
configure:2806: result: yes
configure:2815: checking whether gcc accepts -g
configure:2835: gcc -c -g  conftest.c >&5
configure:2835: $? = 0
configure:2876: result: yes
configure:2893: checking for gcc option to accept ISO C89
configure:2956: gcc  -c -g -O2  conftest.c >&5
configure:2956: $? = 0
configure:2969: result: none needed
configure:2990: checking for MAP_ANONYMOUS vs. MAP_ANON
configure:3014: gcc -c -g -O2  conftest.c >&5
configure:3014: $? = 0
configure:3028: result: yes
configure:3036: checking whether stat file-mode macros are broken
configure:3063: gcc -c -g -O2  conftest.c >&5
configure:3063: $? = 0
configure:3070: result: no
configure:3083: checking how to run the C preprocessor
configure:3114: gcc -E  conftest.c
configure:3114: $? = 0
configure:3128: gcc -E  conftest.c
conftest.c:10:28: fatal error: ac_nonexistent.h: No such file or directory
 #include <ac_nonexistent.h>
                            ^
compilation terminated.
configure:3128: $? = 1
configure: failed program was:
| /* confdefs.h */
| #define PACKAGE_NAME "[Pool Allocation]"
| #define PACKAGE_TARNAME "--pool-allocation--"
| #define PACKAGE_VERSION "[1.0]"
| #define PACKAGE_STRING "[Pool Allocation] [1.0]"
| #define PACKAGE_BUGREPORT "llvmbugs@cs.uiuc.edu"
| #define PACKAGE_URL ""
| #define HAVE_MMAP_ANONYMOUS 1
| /* end confdefs.h.  */
| #include <ac_nonexistent.h>
configure:3153: result: gcc -E
configure:3173: gcc -E  conftest.c
configure:3173: $? = 0
configure:3187: gcc -E  conftest.c
conftest.c:10:28: fatal error: ac_nonexistent.h: No such file or directory
 #include <ac_nonexistent.h>
                            ^
compilation terminated.
configure:3187: $? = 1
configure: failed program was:
| /* confdefs.h */
| #define PACKAGE_NAME "[Pool Allocation]"
| #define PACKAGE_TARNAME "--pool-allocation--"
| #define PACKAGE_VERSION "[1.0]"
| #define PACKAGE_STRING "[Pool Allocation] [1.0]"
| #define PACKAGE_BUGREPORT "llvmbugs@cs.uiuc.edu"
| #define PACKAGE_URL ""
| #define HAVE_MMAP_ANONYMOUS 1
| /* end confdefs.h.  */
| #include <ac_nonexistent.h>
configure:3216: checking for grep that handles long lines and -e
configure:3274: result: /bin/grep
configure:3279: checking for egrep
configure:3341: result: /bin/grep -E
configure:3346: checking for ANSI C header files
configure:3366: gcc -c -g -O2  conftest.c >&5
configure:3366: $? = 0
configure:3439: gcc -o conftest -g -O2   conftest.c  >&5
configure:3439: $? = 0
configure:3439: ./conftest
configure:3439: $? = 0
configure:3450: result: yes
configure:3463: checking for sys/types.h
configure:3463: gcc -c -g -O2  conftest.c >&5
configure:3463: $? = 0
configure:3463: result: yes
configure:3463: checking for sys/stat.h
configure:3463: gcc -c -g -O2  conftest.c >&5
configure:3463: $? = 0
configure:3463: result: yes
configure:3463: checking for stdlib.h
configure:3463: gcc -c -g -O2  conftest.c >&5
configure:3463: $? = 0
configure:3463: result: yes
configure:3463: checking for string.h
configure:3463: gcc -c -g -O2  conftest.c >&5
configure:3463: $? = 0
configure:3463: result: yes
configure:3463: checking for memory.h
configure:3463: gcc -c -g -O2  conftest.c >&5
configure:3463: $? = 0
configure:3463: result: yes
configure:3463: checking for strings.h
configure:3463: gcc -c -g -O2  conftest.c >&5
configure:3463: $? = 0
configure:3463: result: yes
configure:3463: checking for inttypes.h
configure:3463: gcc -c -g -O2  conftest.c >&5
configure:3463: $? = 0
configure:3463: result: yes
configure:3463: checking for stdint.h
configure:3463: gcc -c -g -O2  conftest.c >&5
configure:3463: $? = 0
configure:3463: result: yes
configure:3463: checking for unistd.h
configure:3463: gcc -c -g -O2  conftest.c >&5
configure:3463: $? = 0
configure:3463: result: yes
configure:3478: checking fcntl.h usability
configure:3478: gcc -c -g -O2  conftest.c >&5
configure:3478: $? = 0
configure:3478: result: yes
configure:3478: checking fcntl.h presence
configure:3478: gcc -E  conftest.c
configure:3478: $? = 0
configure:3478: result: yes
configure:3478: checking for fcntl.h
configure:3478: result: yes
configure:3478: checking sys/mman.h usability
configure:3478: gcc -c -g -O2  conftest.c >&5
configure:3478: $? = 0
configure:3478: result: yes
configure:3478: checking sys/mman.h presence
configure:3478: gcc -E  conftest.c
configure:3478: $? = 0
configure:3478: result: yes
configure:3478: checking for sys/mman.h
configure:3478: result: yes
configure:3496: checking for stdlib.h
configure:3496: result: yes
configure:3496: checking for unistd.h
configure:3496: result: yes
configure:3496: checking for sys/param.h
configure:3496: gcc -c -g -O2  conftest.c >&5
configure:3496: $? = 0
configure:3496: result: yes
configure:3516: checking for getpagesize
configure:3516: gcc -o conftest -g -O2   conftest.c  >&5
configure:3516: $? = 0
configure:3516: result: yes
configure:3525: checking for working mmap
configure:3672: gcc -o conftest -g -O2   conftest.c  >&5
configure:3672: $? = 0
configure:3672: ./conftest
configure:3672: $? = 0
configure:3682: result: yes
configure:3691: checking for mmap of files
configure:3726: gcc -o conftest -g -O2   conftest.c  >&5
conftest.c: In function 'main':
conftest.c:39:8: warning: cast from pointer to integer of different size [-Wpointer-to-int-cast]
   fd = (int) mmap (0, 1, PROT_READ, MAP_SHARED, fd, 0);
        ^
conftest.c:41:17: warning: cast from pointer to integer of different size [-Wpointer-to-int-cast]
   return (fd != (int) MAP_FAILED);
                 ^
configure:3726: $? = 0
configure:3726: ./conftest
configure:3726: $? = 0
configure:3743: result: yes
configure:3753: checking if /dev/zero is needed for mmap
configure:3765: result: no
configure:3784: checking for latex
configure:3817: result: no
configure:3824: checking for bibtex
configure:3857: result: no
configure:3980: creating ./config.status

## ---------------------- ##
## Running config.status. ##
## ---------------------- ##

This file was extended by [Pool Allocation] config.status [1.0], which was
generated by GNU Autoconf 2.69.  Invocation command line was

  CONFIG_FILES    = 
  CONFIG_HEADERS  = 
  CONFIG_LINKS    = 
  CONFIG_COMMANDS = 
  $ ./config.status 

on ip-172-31-39-132

config.status:829: creating Makefile.common
config.status:829: creating include/poolalloc/Config/config.h
config.status:999: include/poolalloc/Config/config.h is unchanged
config.status:1013: executing setup commands
config.status:1013: executing Makefile commands
config.status:1013: executing lib/Makefile commands
config.status:1013: executing lib/PoolAllocate/Makefile commands
config.status:1013: executing runtime/Makefile commands
config.status:1013: executing runtime/PoolAllocator/Makefile commands
config.status:1013: executing runtime/FreeListAllocator/Makefile commands
config.status:1013: executing test/Makefile commands

## ---------------- ##
## Cache variables. ##
## ---------------- ##

ac_cv_c_compiler_gnu=yes
ac_cv_env_CC_set=
ac_cv_env_CC_value=
ac_cv_env_CFLAGS_set=
ac_cv_env_CFLAGS_value=
ac_cv_env_CPPFLAGS_set=
ac_cv_env_CPPFLAGS_value=
ac_cv_env_CPP_set=
ac_cv_env_CPP_value=
ac_cv_env_LDFLAGS_set=
ac_cv_env_LDFLAGS_value=
ac_cv_env_LIBS_set=
ac_cv_env_LIBS_value=
ac_cv_env_build_alias_set=
ac_cv_env_build_alias_value=
ac_cv_env_host_alias_set=
ac_cv_env_host_alias_value=
ac_cv_env_target_alias_set=
ac_cv_env_target_alias_value=
ac_cv_func_getpagesize=yes
ac_cv_func_mmap_file=yes
ac_cv_func_mmap_fixed_mapped=yes
ac_cv_header_fcntl_h=yes
ac_cv_header_inttypes_h=yes
ac_cv_header_memory_h=yes
ac_cv_header_mmap_anon=yes
ac_cv_header_stat_broken=no
ac_cv_header_stdc=yes
ac_cv_header_stdint_h=yes
ac_cv_header_stdlib_h=yes
ac_cv_header_string_h=yes
ac_cv_header_strings_h=yes
ac_cv_header_sys_mman_h=yes
ac_cv_header_sys_param_h=yes
ac_cv_header_sys_stat_h=yes
ac_cv_header_sys_types_h=yes
ac_cv_header_unistd_h=yes
ac_cv_need_dev_zero_for_mmap=no
ac_cv_objext=o
ac_cv_path_EGREP='/bin/grep -E'
ac_cv_path_GREP=/bin/grep
ac_cv_prog_CPP='gcc -E'
ac_cv_prog_ac_ct_CC=gcc
ac_cv_prog_cc_c89=
ac_cv_prog_cc_g=yes

## ----------------- ##
## Output variables. ##
## ----------------- ##

BIBTEX=''
CC='gcc'
CFLAGS='-g -O2'
CPP='gcc -E'
CPPFLAGS=''
DEFS='-DHAVE_CONFIG_H'
ECHO_C=''
ECHO_N='-n'
ECHO_T=''
EGREP='/bin/grep -E'
EXEEXT=''
GREP='/bin/grep'
LATEX=''
LDFLAGS=''
LIBOBJS=''
LIBS=''
LLVM_OBJ='/home/ubuntu/llvm-dsa'
LLVM_SRC='/home/ubuntu/llvm-dsa'
LTLIBOBJS=''
MMAP_FILE='yes'
OBJEXT='o'
PACKAGE_BUGREPORT='llvmbugs@cs.uiuc.edu'
PACKAGE_NAME='[Pool Allocation]'
PACKAGE_STRING='[Pool Allocation] [1.0]'
PACKAGE_TARNAME='--pool-allocation--'
PACKAGE_URL=''
PACKAGE_VERSION='[1.0]'
PATH_SEPARATOR=':'
SHELL='/bin/bash'
ac_ct_CC='gcc'
bindir='${exec_prefix}/bin'
build_alias=''
datadir='${datarootdir}'
datarootdir='${prefix}/share'
docdir='${datarootdir}/doc/${PACKAGE_TARNAME}'
dvidir='${docdir}'
exec_prefix='${prefix}'
host_alias=''
htmldir='${docdir}'
includedir='${prefix}/include'
infodir='${datarootdir}/info'
libdir='${exec_prefix}/lib'
libexecdir='${exec_prefix}/libexec'
localedir='${datarootdir}/locale'
localstatedir='${prefix}/var'
mandir='${datarootdir}/man'
oldincludedir='/usr/include'
pdfdir='${docdir}'
prefix='/usr/local'
program_transform_name='s,x,x,'
psdir='${docdir}'
sbindir='${exec_prefix}/sbin'
sharedstatedir='${prefix}/com'
sysconfdir='${prefix}/etc'
target_alias=''

## ----------- ##
## confdefs.h. ##
## ----------- ##

/* confdefs.h */
#define PACKAGE_NAME "[Pool Allocation]"
#define PACKAGE_TARNAME "--pool-allocation--"
#define PACKAGE_VERSION "[1.0]"
#define PACKAGE_STRING "[Pool Allocation] [1.0]"
#define PACKAGE_BUGREPORT "llvmbugs@cs.uiuc.edu"
#define PACKAGE_URL ""
#define HAVE_MMAP_ANONYMOUS 1
#define STDC_HEADERS 1
#define HAVE_SYS_TYPES_H 1
#define HAVE_SYS_STAT_H 1
#define HAVE_STDLIB_H 1
#define HAVE_STRING_H 1
#define HAVE_MEMORY_H 1
#define HAVE_STRINGS_H 1
#define HAVE_INTTYPES_H 1
#define HAVE_STDINT_H 1
#define HAVE_UNISTD_H 1
#define HAVE_FCNTL_H 1
#define HAVE_SYS_MMAN_H 1
#define HAVE_STDLIB_H 1
#define HAVE_UNISTD_H 1
#define HAVE_SYS_PARAM_H 1
#define HAVE_GETPAGESIZE 1
#define HAVE_MMAP 1
#define HAVE_MMAP_FILE /**/

configure: exit 0
