This file contains any messages produced by compilers while
running configure, to aid debugging if configure makes a mistake.

It was created by [llvm-deps] configure [0.00], which was
generated by GNU Autoconf 2.69.  Invocation command line was

  $ ./configure 

## --------- ##
## Platform. ##
## --------- ##

hostname = ip-172-31-39-132
uname -m = x86_64
uname -r = 3.13.0-74-generic
uname -s = Linux
uname -v = #118-Ubuntu SMP Thu Dec 17 22:52:10 UTC 2015

/usr/bin/uname -p = unknown
/bin/uname -X     = unknown

/bin/arch              = unknown
/usr/bin/arch -k       = unknown
/usr/convex/getsysinfo = unknown
/usr/bin/hostinfo      = unknown
/bin/machine           = unknown
/usr/bin/oslevel       = unknown
/bin/universe          = unknown

PATH: /usr/local/sbin
PATH: /usr/local/bin
PATH: /usr/sbin
PATH: /usr/bin
PATH: /sbin
PATH: /bin
PATH: /usr/games
PATH: /usr/local/games


## ----------- ##
## Core tests. ##
## ----------- ##

configure:1982: creating ./config.status

## ---------------------- ##
## Running config.status. ##
## ---------------------- ##

This file was extended by [llvm-deps] config.status [0.00], which was
generated by GNU Autoconf 2.69.  Invocation command line was

  CONFIG_FILES    = 
  CONFIG_HEADERS  = 
  CONFIG_LINKS    = 
  CONFIG_COMMANDS = 
  $ ./config.status 

on ip-172-31-39-132

config.status:733: creating Makefile.common
config.status:894: executing setup commands
config.status:894: executing Makefile commands
config.status:894: executing lib/Makefile commands
config.status:894: executing runtime/Makefile commands
config.status:894: executing test/Makefile commands

## ---------------- ##
## Cache variables. ##
## ---------------- ##

ac_cv_env_build_alias_set=
ac_cv_env_build_alias_value=
ac_cv_env_host_alias_set=
ac_cv_env_host_alias_value=
ac_cv_env_target_alias_set=
ac_cv_env_target_alias_value=

## ----------------- ##
## Output variables. ##
## ----------------- ##

DEFS='-DPACKAGE_NAME=\"\[llvm-deps\]\" -DPACKAGE_TARNAME=\"--llvm-deps--\" -DPACKAGE_VERSION=\"\[0.00\]\" -DPACKAGE_STRING=\"\[llvm-deps\]\ \[0.00\]\" -DPACKAGE_BUGREPORT=\"sdmoore@fas.harvard.edu\" -DPACKAGE_URL=\"\"'
ECHO_C=''
ECHO_N='-n'
ECHO_T=''
LIBOBJS=''
LIBS=''
LLVM_OBJ='/home/ubuntu/llvm-dsa'
LLVM_SRC='/home/ubuntu/llvm-dsa'
LTLIBOBJS=''
PACKAGE_BUGREPORT='sdmoore@fas.harvard.edu'
PACKAGE_NAME='[llvm-deps]'
PACKAGE_STRING='[llvm-deps] [0.00]'
PACKAGE_TARNAME='--llvm-deps--'
PACKAGE_URL=''
PACKAGE_VERSION='[0.00]'
PATH_SEPARATOR=':'
SHELL='/bin/bash'
bindir='${exec_prefix}/bin'
build_alias=''
datadir='${datarootdir}'
datarootdir='${prefix}/share'
docdir='${datarootdir}/doc/${PACKAGE_TARNAME}'
dvidir='${docdir}'
exec_prefix='${prefix}'
host_alias=''
htmldir='${docdir}'
includedir='${prefix}/include'
infodir='${datarootdir}/info'
libdir='${exec_prefix}/lib'
libexecdir='${exec_prefix}/libexec'
localedir='${datarootdir}/locale'
localstatedir='${prefix}/var'
mandir='${datarootdir}/man'
oldincludedir='/usr/include'
pdfdir='${docdir}'
poolallocobjdir='/home/ubuntu/llvm-dsa/projects/poolalloc'
poolallocsrcdir='/home/ubuntu/llvm-dsa/projects/poolalloc'
prefix='/usr/local'
program_transform_name='s,x,x,'
psdir='${docdir}'
sbindir='${exec_prefix}/sbin'
sharedstatedir='${prefix}/com'
sysconfdir='${prefix}/etc'
target_alias=''
testobjdir='/home/ubuntu/llvm-dsa/projects/test-suite'
testsrcdir='/home/ubuntu/llvm-dsa/projects/test-suite'

## ----------- ##
## confdefs.h. ##
## ----------- ##

/* confdefs.h */
#define PACKAGE_NAME "[llvm-deps]"
#define PACKAGE_TARNAME "--llvm-deps--"
#define PACKAGE_VERSION "[0.00]"
#define PACKAGE_STRING "[llvm-deps] [0.00]"
#define PACKAGE_BUGREPORT "sdmoore@fas.harvard.edu"
#define PACKAGE_URL ""

configure: exit 0
